108.10.11 19:02 B D:\imagestorey\website\images\btn_clear.gif <-- www.vibrantwave.com.sg (omicron) /d:/vibrantwave/clientele/imagestorey/website/images btn_clear.gif
108.10.11 19:02 B D:\imagestorey\website\images\btn_submit.gif <-- www.vibrantwave.com.sg (omicron) /d:/vibrantwave/clientele/imagestorey/website/images btn_submit.gif
108.10.11 19:02 B D:\imagestorey\website\images\closelink.gif <-- www.vibrantwave.com.sg (omicron) /d:/vibrantwave/clientele/imagestorey/website/images closelink.gif
108.10.11 19:02 B D:\imagestorey\website\images\contentLeft.gif <-- www.vibrantwave.com.sg (omicron) /d:/vibrantwave/clientele/imagestorey/website/images contentLeft.gif
108.10.11 19:02 B D:\imagestorey\website\images\contentRight.gif <-- www.vibrantwave.com.sg (omicron) /d:/vibrantwave/clientele/imagestorey/website/images contentRight.gif
108.10.11 19:02 B D:\imagestorey\website\images\contentTop.gif <-- www.vibrantwave.com.sg (omicron) /d:/vibrantwave/clientele/imagestorey/website/images contentTop.gif
108.10.11 19:02 B D:\imagestorey\website\images\footer.gif <-- www.vibrantwave.com.sg (omicron) /d:/vibrantwave/clientele/imagestorey/website/images footer.gif
108.10.11 19:02 B D:\imagestorey\website\images\footer2.gif <-- www.vibrantwave.com.sg (omicron) /d:/vibrantwave/clientele/imagestorey/website/images footer2.gif
108.10.11 19:02 B D:\imagestorey\website\images\forcorporate_01.jpg <-- www.vibrantwave.com.sg (omicron) /d:/vibrantwave/clientele/imagestorey/website/images forcorporate_01.jpg
108.10.11 19:02 B D:\imagestorey\website\images\forcorporate_02.jpg <-- www.vibrantwave.com.sg (omicron) /d:/vibrantwave/clientele/imagestorey/website/images forcorporate_02.jpg
108.10.11 19:02 B D:\imagestorey\website\images\forcorporate_03.jpg <-- www.vibrantwave.com.sg (omicron) /d:/vibrantwave/clientele/imagestorey/website/images forcorporate_03.jpg
108.10.11 19:02 B D:\imagestorey\website\images\forcorporate_04.jpg <-- www.vibrantwave.com.sg (omicron) /d:/vibrantwave/clientele/imagestorey/website/images forcorporate_04.jpg
108.10.11 19:02 B D:\imagestorey\website\images\forcorporate_05.jpg <-- www.vibrantwave.com.sg (omicron) /d:/vibrantwave/clientele/imagestorey/website/images forcorporate_05.jpg
108.10.11 19:02 B D:\imagestorey\website\images\forcorporate_06.jpg <-- www.vibrantwave.com.sg (omicron) /d:/vibrantwave/clientele/imagestorey/website/images forcorporate_06.jpg
108.10.11 19:02 B D:\imagestorey\website\images\forcorporate_07.jpg <-- www.vibrantwave.com.sg (omicron) /d:/vibrantwave/clientele/imagestorey/website/images forcorporate_07.jpg
108.10.11 19:02 B D:\imagestorey\website\images\forcorporate_08.jpg <-- www.vibrantwave.com.sg (omicron) /d:/vibrantwave/clientele/imagestorey/website/images forcorporate_08.jpg
108.10.11 19:02 B D:\imagestorey\website\images\forcorporate_09.jpg <-- www.vibrantwave.com.sg (omicron) /d:/vibrantwave/clientele/imagestorey/website/images forcorporate_09.jpg
108.10.11 19:02 B D:\imagestorey\website\images\forcorporate_10.jpg <-- www.vibrantwave.com.sg (omicron) /d:/vibrantwave/clientele/imagestorey/website/images forcorporate_10.jpg
108.10.11 19:02 B D:\imagestorey\website\images\forcorporate_11.jpg <-- www.vibrantwave.com.sg (omicron) /d:/vibrantwave/clientele/imagestorey/website/images forcorporate_11.jpg
108.10.11 19:02 B D:\imagestorey\website\images\forcorporate_12.jpg <-- www.vibrantwave.com.sg (omicron) /d:/vibrantwave/clientele/imagestorey/website/images forcorporate_12.jpg
108.10.11 19:02 B D:\imagestorey\website\images\forcorporate_13.jpg <-- www.vibrantwave.com.sg (omicron) /d:/vibrantwave/clientele/imagestorey/website/images forcorporate_13.jpg
108.10.11 19:02 B D:\imagestorey\website\images\forcorporate_14.jpg <-- www.vibrantwave.com.sg (omicron) /d:/vibrantwave/clientele/imagestorey/website/images forcorporate_14.jpg
108.10.11 19:02 B D:\imagestorey\website\images\forcorporate_15.jpg <-- www.vibrantwave.com.sg (omicron) /d:/vibrantwave/clientele/imagestorey/website/images forcorporate_15.jpg
108.10.11 19:02 B D:\imagestorey\website\images\forcorporate_16.jpg <-- www.vibrantwave.com.sg (omicron) /d:/vibrantwave/clientele/imagestorey/website/images forcorporate_16.jpg
108.10.11 19:02 B D:\imagestorey\website\images\forcorporate_title01.gif <-- www.vibrantwave.com.sg (omicron) /d:/vibrantwave/clientele/imagestorey/website/images forcorporate_title01.gif
108.10.11 19:02 B D:\imagestorey\website\images\forcorporate_title02.gif <-- www.vibrantwave.com.sg (omicron) /d:/vibrantwave/clientele/imagestorey/website/images forcorporate_title02.gif
108.10.11 19:02 B D:\imagestorey\website\images\forcorporate_title03.gif <-- www.vibrantwave.com.sg (omicron) /d:/vibrantwave/clientele/imagestorey/website/images forcorporate_title03.gif
108.10.11 19:02 B D:\imagestorey\website\images\forcorporate_title04.gif <-- www.vibrantwave.com.sg (omicron) /d:/vibrantwave/clientele/imagestorey/website/images forcorporate_title04.gif
108.10.11 19:02 B D:\imagestorey\website\images\forcorporate_title05.gif <-- www.vibrantwave.com.sg (omicron) /d:/vibrantwave/clientele/imagestorey/website/images forcorporate_title05.gif
108.10.11 19:02 B D:\imagestorey\website\images\forcorporate_title06.gif <-- www.vibrantwave.com.sg (omicron) /d:/vibrantwave/clientele/imagestorey/website/images forcorporate_title06.gif
108.10.11 19:02 B D:\imagestorey\website\images\forcorporate_title07.gif <-- www.vibrantwave.com.sg (omicron) /d:/vibrantwave/clientele/imagestorey/website/images forcorporate_title07.gif
108.10.11 19:02 B D:\imagestorey\website\images\forcorporate_title08.gif <-- www.vibrantwave.com.sg (omicron) /d:/vibrantwave/clientele/imagestorey/website/images forcorporate_title08.gif
108.10.11 19:02 B D:\imagestorey\website\images\forcorporate_title09.gif <-- www.vibrantwave.com.sg (omicron) /d:/vibrantwave/clientele/imagestorey/website/images forcorporate_title09.gif
108.10.11 19:02 B D:\imagestorey\website\images\forcorporate_title10.gif <-- www.vibrantwave.com.sg (omicron) /d:/vibrantwave/clientele/imagestorey/website/images forcorporate_title10.gif
108.10.11 19:02 B D:\imagestorey\website\images\forcorporate_title11.gif <-- www.vibrantwave.com.sg (omicron) /d:/vibrantwave/clientele/imagestorey/website/images forcorporate_title11.gif
108.10.11 19:02 B D:\imagestorey\website\images\forcorporate_title12.gif <-- www.vibrantwave.com.sg (omicron) /d:/vibrantwave/clientele/imagestorey/website/images forcorporate_title12.gif
108.10.11 19:02 B D:\imagestorey\website\images\forcorporate_title13.gif <-- www.vibrantwave.com.sg (omicron) /d:/vibrantwave/clientele/imagestorey/website/images forcorporate_title13.gif
108.10.11 19:02 B D:\imagestorey\website\images\forcorporate_title14.gif <-- www.vibrantwave.com.sg (omicron) /d:/vibrantwave/clientele/imagestorey/website/images forcorporate_title14.gif
108.10.11 19:02 B D:\imagestorey\website\images\forcorporate_title15.gif <-- www.vibrantwave.com.sg (omicron) /d:/vibrantwave/clientele/imagestorey/website/images forcorporate_title15.gif
108.10.11 19:02 B D:\imagestorey\website\images\forcorporate_title16.gif <-- www.vibrantwave.com.sg (omicron) /d:/vibrantwave/clientele/imagestorey/website/images forcorporate_title16.gif
108.10.11 19:02 B D:\imagestorey\website\images\forman_01.jpg <-- www.vibrantwave.com.sg (omicron) /d:/vibrantwave/clientele/imagestorey/website/images forman_01.jpg
108.10.11 19:02 B D:\imagestorey\website\images\forman_02.jpg <-- www.vibrantwave.com.sg (omicron) /d:/vibrantwave/clientele/imagestorey/website/images forman_02.jpg
108.10.11 19:02 B D:\imagestorey\website\images\forman_03.jpg <-- www.vibrantwave.com.sg (omicron) /d:/vibrantwave/clientele/imagestorey/website/images forman_03.jpg
108.10.11 19:02 B D:\imagestorey\website\images\forman_04.jpg <-- www.vibrantwave.com.sg (omicron) /d:/vibrantwave/clientele/imagestorey/website/images forman_04.jpg
108.10.11 19:02 B D:\imagestorey\website\images\forman_05.jpg <-- www.vibrantwave.com.sg (omicron) /d:/vibrantwave/clientele/imagestorey/website/images forman_05.jpg
108.10.11 19:02 B D:\imagestorey\website\images\forman_06.jpg <-- www.vibrantwave.com.sg (omicron) /d:/vibrantwave/clientele/imagestorey/website/images forman_06.jpg
108.10.11 19:02 B D:\imagestorey\website\images\forman_07.jpg <-- www.vibrantwave.com.sg (omicron) /d:/vibrantwave/clientele/imagestorey/website/images forman_07.jpg
108.10.11 19:02 B D:\imagestorey\website\images\forman_08.jpg <-- www.vibrantwave.com.sg (omicron) /d:/vibrantwave/clientele/imagestorey/website/images forman_08.jpg
108.10.11 19:02 B D:\imagestorey\website\images\forman_09.jpg <-- www.vibrantwave.com.sg (omicron) /d:/vibrantwave/clientele/imagestorey/website/images forman_09.jpg
108.10.11 19:02 B D:\imagestorey\website\images\forman_10.jpg <-- www.vibrantwave.com.sg (omicron) /d:/vibrantwave/clientele/imagestorey/website/images forman_10.jpg
108.10.11 19:02 B D:\imagestorey\website\images\forman_11.jpg <-- www.vibrantwave.com.sg (omicron) /d:/vibrantwave/clientele/imagestorey/website/images forman_11.jpg
108.10.11 19:02 B D:\imagestorey\website\images\forman_title01.gif <-- www.vibrantwave.com.sg (omicron) /d:/vibrantwave/clientele/imagestorey/website/images forman_title01.gif
108.10.11 19:02 B D:\imagestorey\website\images\forman_title02.gif <-- www.vibrantwave.com.sg (omicron) /d:/vibrantwave/clientele/imagestorey/website/images forman_title02.gif
108.10.11 19:02 B D:\imagestorey\website\images\forman_title03.gif <-- www.vibrantwave.com.sg (omicron) /d:/vibrantwave/clientele/imagestorey/website/images forman_title03.gif
108.10.11 19:02 B D:\imagestorey\website\images\forman_title04.gif <-- www.vibrantwave.com.sg (omicron) /d:/vibrantwave/clientele/imagestorey/website/images forman_title04.gif
108.10.11 19:02 B D:\imagestorey\website\images\forman_title05.gif <-- www.vibrantwave.com.sg (omicron) /d:/vibrantwave/clientele/imagestorey/website/images forman_title05.gif
108.10.11 19:02 B D:\imagestorey\website\images\forman_title06.gif <-- www.vibrantwave.com.sg (omicron) /d:/vibrantwave/clientele/imagestorey/website/images forman_title06.gif
108.10.11 19:02 B D:\imagestorey\website\images\forman_title07.gif <-- www.vibrantwave.com.sg (omicron) /d:/vibrantwave/clientele/imagestorey/website/images forman_title07.gif
108.10.11 19:02 B D:\imagestorey\website\images\forman_title08.gif <-- www.vibrantwave.com.sg (omicron) /d:/vibrantwave/clientele/imagestorey/website/images forman_title08.gif
108.10.11 19:02 B D:\imagestorey\website\images\forman_title09.gif <-- www.vibrantwave.com.sg (omicron) /d:/vibrantwave/clientele/imagestorey/website/images forman_title09.gif
108.10.11 19:02 B D:\imagestorey\website\images\forman_title10.gif <-- www.vibrantwave.com.sg (omicron) /d:/vibrantwave/clientele/imagestorey/website/images forman_title10.gif
108.10.11 19:02 B D:\imagestorey\website\images\forman_title11.gif <-- www.vibrantwave.com.sg (omicron) /d:/vibrantwave/clientele/imagestorey/website/images forman_title11.gif
108.10.11 19:02 B D:\imagestorey\website\images\forsmallgroup_01.jpg <-- www.vibrantwave.com.sg (omicron) /d:/vibrantwave/clientele/imagestorey/website/images forsmallgroup_01.jpg
108.10.11 19:02 B D:\imagestorey\website\images\forsmallgroup_02.jpg <-- www.vibrantwave.com.sg (omicron) /d:/vibrantwave/clientele/imagestorey/website/images forsmallgroup_02.jpg
108.10.11 19:02 B D:\imagestorey\website\images\forsmallgroup_03.jpg <-- www.vibrantwave.com.sg (omicron) /d:/vibrantwave/clientele/imagestorey/website/images forsmallgroup_03.jpg
108.10.11 19:02 B D:\imagestorey\website\images\forsmallgroup_04.jpg <-- www.vibrantwave.com.sg (omicron) /d:/vibrantwave/clientele/imagestorey/website/images forsmallgroup_04.jpg
108.10.11 19:02 B D:\imagestorey\website\images\forsmallgroup_05.jpg <-- www.vibrantwave.com.sg (omicron) /d:/vibrantwave/clientele/imagestorey/website/images forsmallgroup_05.jpg
108.10.11 19:02 B D:\imagestorey\website\images\forsmallgroup_06.jpg <-- www.vibrantwave.com.sg (omicron) /d:/vibrantwave/clientele/imagestorey/website/images forsmallgroup_06.jpg
108.10.11 19:02 B D:\imagestorey\website\images\forsmallgroup_07.jpg <-- www.vibrantwave.com.sg (omicron) /d:/vibrantwave/clientele/imagestorey/website/images forsmallgroup_07.jpg
108.10.11 19:02 B D:\imagestorey\website\images\forsmallgroup_08.jpg <-- www.vibrantwave.com.sg (omicron) /d:/vibrantwave/clientele/imagestorey/website/images forsmallgroup_08.jpg
108.10.11 19:02 B D:\imagestorey\website\images\forsmallgroup_09.jpg <-- www.vibrantwave.com.sg (omicron) /d:/vibrantwave/clientele/imagestorey/website/images forsmallgroup_09.jpg
108.10.11 19:02 B D:\imagestorey\website\images\forsmallgroup_10.jpg <-- www.vibrantwave.com.sg (omicron) /d:/vibrantwave/clientele/imagestorey/website/images forsmallgroup_10.jpg
108.10.11 19:02 B D:\imagestorey\website\images\forsmallgroup_title01.gif <-- www.vibrantwave.com.sg (omicron) /d:/vibrantwave/clientele/imagestorey/website/images forsmallgroup_title01.gif
108.10.11 19:02 B D:\imagestorey\website\images\forsmallgroup_title02.gif <-- www.vibrantwave.com.sg (omicron) /d:/vibrantwave/clientele/imagestorey/website/images forsmallgroup_title02.gif
108.10.11 19:02 B D:\imagestorey\website\images\forsmallgroup_title03.gif <-- www.vibrantwave.com.sg (omicron) /d:/vibrantwave/clientele/imagestorey/website/images forsmallgroup_title03.gif
108.10.11 19:02 B D:\imagestorey\website\images\forsmallgroup_title04.gif <-- www.vibrantwave.com.sg (omicron) /d:/vibrantwave/clientele/imagestorey/website/images forsmallgroup_title04.gif
108.10.11 19:02 B D:\imagestorey\website\images\forsmallgroup_title05.gif <-- www.vibrantwave.com.sg (omicron) /d:/vibrantwave/clientele/imagestorey/website/images forsmallgroup_title05.gif
108.10.11 19:02 B D:\imagestorey\website\images\forsmallgroup_title06.gif <-- www.vibrantwave.com.sg (omicron) /d:/vibrantwave/clientele/imagestorey/website/images forsmallgroup_title06.gif
108.10.11 19:02 B D:\imagestorey\website\images\forsmallgroup_title07.gif <-- www.vibrantwave.com.sg (omicron) /d:/vibrantwave/clientele/imagestorey/website/images forsmallgroup_title07.gif
108.10.11 19:02 B D:\imagestorey\website\images\forsmallgroup_title08.gif <-- www.vibrantwave.com.sg (omicron) /d:/vibrantwave/clientele/imagestorey/website/images forsmallgroup_title08.gif
108.10.11 19:02 B D:\imagestorey\website\images\forsmallgroup_title09.gif <-- www.vibrantwave.com.sg (omicron) /d:/vibrantwave/clientele/imagestorey/website/images forsmallgroup_title09.gif
108.10.11 19:02 B D:\imagestorey\website\images\forsmallgroup_title10.gif <-- www.vibrantwave.com.sg (omicron) /d:/vibrantwave/clientele/imagestorey/website/images forsmallgroup_title10.gif
108.10.11 19:02 B D:\imagestorey\website\images\forwoman_01.jpg <-- www.vibrantwave.com.sg (omicron) /d:/vibrantwave/clientele/imagestorey/website/images forwoman_01.jpg
108.10.11 19:02 B D:\imagestorey\website\images\forwoman_02.jpg <-- www.vibrantwave.com.sg (omicron) /d:/vibrantwave/clientele/imagestorey/website/images forwoman_02.jpg
108.10.11 19:02 B D:\imagestorey\website\images\forwoman_03.jpg <-- www.vibrantwave.com.sg (omicron) /d:/vibrantwave/clientele/imagestorey/website/images forwoman_03.jpg
108.10.11 19:02 B D:\imagestorey\website\images\forwoman_04.jpg <-- www.vibrantwave.com.sg (omicron) /d:/vibrantwave/clientele/imagestorey/website/images forwoman_04.jpg
108.10.11 19:02 B D:\imagestorey\website\images\forwoman_05.jpg <-- www.vibrantwave.com.sg (omicron) /d:/vibrantwave/clientele/imagestorey/website/images forwoman_05.jpg
108.10.11 19:02 B D:\imagestorey\website\images\forwoman_06.jpg <-- www.vibrantwave.com.sg (omicron) /d:/vibrantwave/clientele/imagestorey/website/images forwoman_06.jpg
108.10.11 19:02 B D:\imagestorey\website\images\forwoman_07.jpg <-- www.vibrantwave.com.sg (omicron) /d:/vibrantwave/clientele/imagestorey/website/images forwoman_07.jpg
108.10.11 19:02 B D:\imagestorey\website\images\forwoman_08.jpg <-- www.vibrantwave.com.sg (omicron) /d:/vibrantwave/clientele/imagestorey/website/images forwoman_08.jpg
108.10.11 19:02 B D:\imagestorey\website\images\forwoman_09.jpg <-- www.vibrantwave.com.sg (omicron) /d:/vibrantwave/clientele/imagestorey/website/images forwoman_09.jpg
108.10.11 19:02 B D:\imagestorey\website\images\forwoman_10.jpg <-- www.vibrantwave.com.sg (omicron) /d:/vibrantwave/clientele/imagestorey/website/images forwoman_10.jpg
108.10.11 19:02 B D:\imagestorey\website\images\forwoman_11.jpg <-- www.vibrantwave.com.sg (omicron) /d:/vibrantwave/clientele/imagestorey/website/images forwoman_11.jpg
108.10.11 19:02 B D:\imagestorey\website\images\forwoman_12.jpg <-- www.vibrantwave.com.sg (omicron) /d:/vibrantwave/clientele/imagestorey/website/images forwoman_12.jpg
108.10.11 19:02 B D:\imagestorey\website\images\forwoman_13.jpg <-- www.vibrantwave.com.sg (omicron) /d:/vibrantwave/clientele/imagestorey/website/images forwoman_13.jpg
108.10.11 19:02 B D:\imagestorey\website\images\forwoman_14.jpg <-- www.vibrantwave.com.sg (omicron) /d:/vibrantwave/clientele/imagestorey/website/images forwoman_14.jpg
108.10.11 19:02 B D:\imagestorey\website\images\forwoman_15.jpg <-- www.vibrantwave.com.sg (omicron) /d:/vibrantwave/clientele/imagestorey/website/images forwoman_15.jpg
108.10.11 19:02 B D:\imagestorey\website\images\forwoman_16.jpg <-- www.vibrantwave.com.sg (omicron) /d:/vibrantwave/clientele/imagestorey/website/images forwoman_16.jpg
108.10.11 19:02 B D:\imagestorey\website\images\forwoman_17.jpg <-- www.vibrantwave.com.sg (omicron) /d:/vibrantwave/clientele/imagestorey/website/images forwoman_17.jpg
108.10.11 19:02 B D:\imagestorey\website\images\forwoman_18.jpg <-- www.vibrantwave.com.sg (omicron) /d:/vibrantwave/clientele/imagestorey/website/images forwoman_18.jpg
108.10.11 19:02 B D:\imagestorey\website\images\forwoman_19.jpg <-- www.vibrantwave.com.sg (omicron) /d:/vibrantwave/clientele/imagestorey/website/images forwoman_19.jpg
108.10.11 19:02 B D:\imagestorey\website\images\forwoman_title01.gif <-- www.vibrantwave.com.sg (omicron) /d:/vibrantwave/clientele/imagestorey/website/images forwoman_title01.gif
108.10.11 19:02 B D:\imagestorey\website\images\forwoman_title02.gif <-- www.vibrantwave.com.sg (omicron) /d:/vibrantwave/clientele/imagestorey/website/images forwoman_title02.gif
108.10.11 19:02 B D:\imagestorey\website\images\forwoman_title03.gif <-- www.vibrantwave.com.sg (omicron) /d:/vibrantwave/clientele/imagestorey/website/images forwoman_title03.gif
108.10.11 19:02 B D:\imagestorey\website\images\forwoman_title04.gif <-- www.vibrantwave.com.sg (omicron) /d:/vibrantwave/clientele/imagestorey/website/images forwoman_title04.gif
108.10.11 19:02 B D:\imagestorey\website\images\forwoman_title05.gif <-- www.vibrantwave.com.sg (omicron) /d:/vibrantwave/clientele/imagestorey/website/images forwoman_title05.gif
108.10.11 19:02 B D:\imagestorey\website\images\forwoman_title06.gif <-- www.vibrantwave.com.sg (omicron) /d:/vibrantwave/clientele/imagestorey/website/images forwoman_title06.gif
108.10.11 19:02 B D:\imagestorey\website\images\forwoman_title07.gif <-- www.vibrantwave.com.sg (omicron) /d:/vibrantwave/clientele/imagestorey/website/images forwoman_title07.gif
108.10.11 19:02 B D:\imagestorey\website\images\forwoman_title08.gif <-- www.vibrantwave.com.sg (omicron) /d:/vibrantwave/clientele/imagestorey/website/images forwoman_title08.gif
108.10.11 19:02 B D:\imagestorey\website\images\forwoman_title09.gif <-- www.vibrantwave.com.sg (omicron) /d:/vibrantwave/clientele/imagestorey/website/images forwoman_title09.gif
108.10.11 19:02 B D:\imagestorey\website\images\forwoman_title10.gif <-- www.vibrantwave.com.sg (omicron) /d:/vibrantwave/clientele/imagestorey/website/images forwoman_title10.gif
108.10.11 19:02 B D:\imagestorey\website\images\forwoman_title11.gif <-- www.vibrantwave.com.sg (omicron) /d:/vibrantwave/clientele/imagestorey/website/images forwoman_title11.gif
108.10.11 19:02 B D:\imagestorey\website\images\forwoman_title12.gif <-- www.vibrantwave.com.sg (omicron) /d:/vibrantwave/clientele/imagestorey/website/images forwoman_title12.gif
108.10.11 19:02 B D:\imagestorey\website\images\forwoman_title13.gif <-- www.vibrantwave.com.sg (omicron) /d:/vibrantwave/clientele/imagestorey/website/images forwoman_title13.gif
108.10.11 19:02 B D:\imagestorey\website\images\forwoman_title14.gif <-- www.vibrantwave.com.sg (omicron) /d:/vibrantwave/clientele/imagestorey/website/images forwoman_title14.gif
108.10.11 19:02 B D:\imagestorey\website\images\forwoman_title15.gif <-- www.vibrantwave.com.sg (omicron) /d:/vibrantwave/clientele/imagestorey/website/images forwoman_title15.gif
108.10.11 19:02 B D:\imagestorey\website\images\forwoman_title16.gif <-- www.vibrantwave.com.sg (omicron) /d:/vibrantwave/clientele/imagestorey/website/images forwoman_title16.gif
108.10.11 19:02 B D:\imagestorey\website\images\forwoman_title17.gif <-- www.vibrantwave.com.sg (omicron) /d:/vibrantwave/clientele/imagestorey/website/images forwoman_title17.gif
108.10.11 19:02 B D:\imagestorey\website\images\forwoman_title18.gif <-- www.vibrantwave.com.sg (omicron) /d:/vibrantwave/clientele/imagestorey/website/images forwoman_title18.gif
108.10.11 19:02 B D:\imagestorey\website\images\forwoman_title19.gif <-- www.vibrantwave.com.sg (omicron) /d:/vibrantwave/clientele/imagestorey/website/images forwoman_title19.gif
108.10.11 19:02 B D:\imagestorey\website\images\inav_01.gif <-- www.vibrantwave.com.sg (omicron) /d:/vibrantwave/clientele/imagestorey/website/images inav_01.gif
108.10.11 19:02 B D:\imagestorey\website\images\inav_02.gif <-- www.vibrantwave.com.sg (omicron) /d:/vibrantwave/clientele/imagestorey/website/images inav_02.gif
108.10.11 19:02 B D:\imagestorey\website\images\inav_03.gif <-- www.vibrantwave.com.sg (omicron) /d:/vibrantwave/clientele/imagestorey/website/images inav_03.gif
108.10.11 19:02 B D:\imagestorey\website\images\inav_04.gif <-- www.vibrantwave.com.sg (omicron) /d:/vibrantwave/clientele/imagestorey/website/images inav_04.gif
108.10.11 19:02 B D:\imagestorey\website\images\inavo_01.gif <-- www.vibrantwave.com.sg (omicron) /d:/vibrantwave/clientele/imagestorey/website/images inavo_01.gif
108.10.11 19:02 B D:\imagestorey\website\images\inavo_02.gif <-- www.vibrantwave.com.sg (omicron) /d:/vibrantwave/clientele/imagestorey/website/images inavo_02.gif
108.10.11 19:02 B D:\imagestorey\website\images\inavo_03.gif <-- www.vibrantwave.com.sg (omicron) /d:/vibrantwave/clientele/imagestorey/website/images inavo_03.gif
108.10.11 19:03 B D:\imagestorey\website\images\inavo_04.gif <-- www.vibrantwave.com.sg (omicron) /d:/vibrantwave/clientele/imagestorey/website/images inavo_04.gif
108.10.11 19:03 B D:\imagestorey\website\images\indian_01.jpg <-- www.vibrantwave.com.sg (omicron) /d:/vibrantwave/clientele/imagestorey/website/images indian_01.jpg
108.10.11 19:03 B D:\imagestorey\website\images\indian_02.jpg <-- www.vibrantwave.com.sg (omicron) /d:/vibrantwave/clientele/imagestorey/website/images indian_02.jpg
108.10.11 19:03 B D:\imagestorey\website\images\indian_03.jpg <-- www.vibrantwave.com.sg (omicron) /d:/vibrantwave/clientele/imagestorey/website/images indian_03.jpg
108.10.11 19:03 B D:\imagestorey\website\images\indian_04.jpg <-- www.vibrantwave.com.sg (omicron) /d:/vibrantwave/clientele/imagestorey/website/images indian_04.jpg
108.10.11 19:03 B D:\imagestorey\website\images\indian_05.jpg <-- www.vibrantwave.com.sg (omicron) /d:/vibrantwave/clientele/imagestorey/website/images indian_05.jpg
108.10.11 19:03 B D:\imagestorey\website\images\indian_title01.gif <-- www.vibrantwave.com.sg (omicron) /d:/vibrantwave/clientele/imagestorey/website/images indian_title01.gif
108.10.11 19:03 B D:\imagestorey\website\images\indian_title02.gif <-- www.vibrantwave.com.sg (omicron) /d:/vibrantwave/clientele/imagestorey/website/images indian_title02.gif
108.10.11 19:03 B D:\imagestorey\website\images\makeup_01.jpg <-- www.vibrantwave.com.sg (omicron) /d:/vibrantwave/clientele/imagestorey/website/images makeup_01.jpg
108.10.11 19:03 B D:\imagestorey\website\images\makeup_02.jpg <-- www.vibrantwave.com.sg (omicron) /d:/vibrantwave/clientele/imagestorey/website/images makeup_02.jpg
108.10.11 19:03 B D:\imagestorey\website\images\makeup_03.jpg <-- www.vibrantwave.com.sg (omicron) /d:/vibrantwave/clientele/imagestorey/website/images makeup_03.jpg
108.10.11 19:03 B D:\imagestorey\website\images\makeup_04.jpg <-- www.vibrantwave.com.sg (omicron) /d:/vibrantwave/clientele/imagestorey/website/images makeup_04.jpg
108.10.11 19:03 B D:\imagestorey\website\images\makeup_05.jpg <-- www.vibrantwave.com.sg (omicron) /d:/vibrantwave/clientele/imagestorey/website/images makeup_05.jpg
108.10.11 19:03 B D:\imagestorey\website\images\makeup_06.jpg <-- www.vibrantwave.com.sg (omicron) /d:/vibrantwave/clientele/imagestorey/website/images makeup_06.jpg
108.10.11 19:03 B D:\imagestorey\website\images\makeup_07.jpg <-- www.vibrantwave.com.sg (omicron) /d:/vibrantwave/clientele/imagestorey/website/images makeup_07.jpg
108.10.11 19:03 B D:\imagestorey\website\images\makeup_08.jpg <-- www.vibrantwave.com.sg (omicron) /d:/vibrantwave/clientele/imagestorey/website/images makeup_08.jpg
108.10.11 19:03 B D:\imagestorey\website\images\makeup_09.jpg <-- www.vibrantwave.com.sg (omicron) /d:/vibrantwave/clientele/imagestorey/website/images makeup_09.jpg
108.10.11 19:03 B D:\imagestorey\website\images\makeup_10.jpg <-- www.vibrantwave.com.sg (omicron) /d:/vibrantwave/clientele/imagestorey/website/images makeup_10.jpg
108.10.11 19:03 B D:\imagestorey\website\images\makeup_11.jpg <-- www.vibrantwave.com.sg (omicron) /d:/vibrantwave/clientele/imagestorey/website/images makeup_11.jpg
108.10.11 19:03 B D:\imagestorey\website\images\makeup_12.jpg <-- www.vibrantwave.com.sg (omicron) /d:/vibrantwave/clientele/imagestorey/website/images makeup_12.jpg
108.10.11 19:03 B D:\imagestorey\website\images\makeup_13.jpg <-- www.vibrantwave.com.sg (omicron) /d:/vibrantwave/clientele/imagestorey/website/images makeup_13.jpg
108.10.11 19:03 B D:\imagestorey\website\images\makeup_14.jpg <-- www.vibrantwave.com.sg (omicron) /d:/vibrantwave/clientele/imagestorey/website/images makeup_14.jpg
108.10.11 19:03 B D:\imagestorey\website\images\makeup_15.jpg <-- www.vibrantwave.com.sg (omicron) /d:/vibrantwave/clientele/imagestorey/website/images makeup_15.jpg
108.10.11 19:03 B D:\imagestorey\website\images\makeup_16.jpg <-- www.vibrantwave.com.sg (omicron) /d:/vibrantwave/clientele/imagestorey/website/images makeup_16.jpg
108.10.11 19:03 B D:\imagestorey\website\images\makeup_title01.gif <-- www.vibrantwave.com.sg (omicron) /d:/vibrantwave/clientele/imagestorey/website/images makeup_title01.gif
108.10.11 19:03 B D:\imagestorey\website\images\makeup_title02.gif <-- www.vibrantwave.com.sg (omicron) /d:/vibrantwave/clientele/imagestorey/website/images makeup_title02.gif
108.10.11 19:03 B D:\imagestorey\website\images\morelink.gif <-- www.vibrantwave.com.sg (omicron) /d:/vibrantwave/clientele/imagestorey/website/images morelink.gif
108.10.11 19:03 B D:\imagestorey\website\images\nav_aboutus.gif <-- www.vibrantwave.com.sg (omicron) /d:/vibrantwave/clientele/imagestorey/website/images nav_aboutus.gif
108.10.11 19:03 B D:\imagestorey\website\images\nav_contactus.gif <-- www.vibrantwave.com.sg (omicron) /d:/vibrantwave/clientele/imagestorey/website/images nav_contactus.gif
108.10.11 19:03 B D:\imagestorey\website\images\nav_home.gif <-- www.vibrantwave.com.sg (omicron) /d:/vibrantwave/clientele/imagestorey/website/images nav_home.gif
108.10.11 19:03 B D:\imagestorey\website\images\nav_indian.gif <-- www.vibrantwave.com.sg (omicron) /d:/vibrantwave/clientele/imagestorey/website/images nav_indian.gif
108.10.11 19:03 B D:\imagestorey\website\images\nav_logo.gif <-- www.vibrantwave.com.sg (omicron) /d:/vibrantwave/clientele/imagestorey/website/images nav_logo.gif
108.10.11 19:03 B D:\imagestorey\website\images\nav_makeup.gif <-- www.vibrantwave.com.sg (omicron) /d:/vibrantwave/clientele/imagestorey/website/images nav_makeup.gif
108.10.11 19:03 B D:\imagestorey\website\images\nav_referafriend.gif <-- www.vibrantwave.com.sg (omicron) /d:/vibrantwave/clientele/imagestorey/website/images nav_referafriend.gif
108.10.11 19:03 B D:\imagestorey\website\images\nav_upevents.gif <-- www.vibrantwave.com.sg (omicron) /d:/vibrantwave/clientele/imagestorey/website/images nav_upevents.gif
108.10.11 19:03 B D:\imagestorey\website\images\navo_aboutus.gif <-- www.vibrantwave.com.sg (omicron) /d:/vibrantwave/clientele/imagestorey/website/images navo_aboutus.gif
108.10.11 19:03 B D:\imagestorey\website\images\navo_contactus.gif <-- www.vibrantwave.com.sg (omicron) /d:/vibrantwave/clientele/imagestorey/website/images navo_contactus.gif
108.10.11 19:03 B D:\imagestorey\website\images\navo_home.gif <-- www.vibrantwave.com.sg (omicron) /d:/vibrantwave/clientele/imagestorey/website/images navo_home.gif
108.10.11 19:03 B D:\imagestorey\website\images\navo_indian.gif <-- www.vibrantwave.com.sg (omicron) /d:/vibrantwave/clientele/imagestorey/website/images navo_indian.gif
108.10.11 19:03 B D:\imagestorey\website\images\navo_makeup.gif <-- www.vibrantwave.com.sg (omicron) /d:/vibrantwave/clientele/imagestorey/website/images navo_makeup.gif
108.10.11 19:03 B D:\imagestorey\website\images\navo_referafriend.gif <-- www.vibrantwave.com.sg (omicron) /d:/vibrantwave/clientele/imagestorey/website/images navo_referafriend.gif
108.10.11 19:03 B D:\imagestorey\website\images\navo_upevents.gif <-- www.vibrantwave.com.sg (omicron) /d:/vibrantwave/clientele/imagestorey/website/images navo_upevents.gif
108.10.11 19:03 B D:\imagestorey\website\images\spacer.gif <-- www.vibrantwave.com.sg (omicron) /d:/vibrantwave/clientele/imagestorey/website/images spacer.gif
108.10.11 19:03 B D:\imagestorey\website\images\Thumbs.db <-- www.vibrantwave.com.sg (omicron) /d:/vibrantwave/clientele/imagestorey/website/images Thumbs.db
108.10.11 19:03 B D:\imagestorey\website\images\title_aboutus.gif <-- www.vibrantwave.com.sg (omicron) /d:/vibrantwave/clientele/imagestorey/website/images title_aboutus.gif
108.10.11 19:03 B D:\imagestorey\website\images\title_contactus.gif <-- www.vibrantwave.com.sg (omicron) /d:/vibrantwave/clientele/imagestorey/website/images title_contactus.gif
108.10.11 19:03 B D:\imagestorey\website\images\title_forcorporate.gif <-- www.vibrantwave.com.sg (omicron) /d:/vibrantwave/clientele/imagestorey/website/images title_forcorporate.gif
108.10.11 19:03 B D:\imagestorey\website\images\title_forman.gif <-- www.vibrantwave.com.sg (omicron) /d:/vibrantwave/clientele/imagestorey/website/images title_forman.gif
108.10.11 19:03 B D:\imagestorey\website\images\title_forsmallgroup.gif <-- www.vibrantwave.com.sg (omicron) /d:/vibrantwave/clientele/imagestorey/website/images title_forsmallgroup.gif
108.10.11 19:03 B D:\imagestorey\website\images\title_forwoman.gif <-- www.vibrantwave.com.sg (omicron) /d:/vibrantwave/clientele/imagestorey/website/images title_forwoman.gif
108.10.11 19:03 B D:\imagestorey\website\images\title_makeup.gif <-- www.vibrantwave.com.sg (omicron) /d:/vibrantwave/clientele/imagestorey/website/images title_makeup.gif
108.10.11 19:03 B D:\imagestorey\website\images\title_referafriend.gif <-- www.vibrantwave.com.sg (omicron) /d:/vibrantwave/clientele/imagestorey/website/images title_referafriend.gif
108.10.11 19:03 B D:\imagestorey\website\images\title_service.gif <-- www.vibrantwave.com.sg (omicron) /d:/vibrantwave/clientele/imagestorey/website/images title_service.gif
108.10.11 19:03 B D:\imagestorey\website\images\title_upevents.gif <-- www.vibrantwave.com.sg (omicron) /d:/vibrantwave/clientele/imagestorey/website/images title_upevents.gif
108.10.11 19:03 B D:\imagestorey\website\images\topnav_01.gif <-- www.vibrantwave.com.sg (omicron) /d:/vibrantwave/clientele/imagestorey/website/images topnav_01.gif
108.10.11 19:03 B D:\imagestorey\website\images\topnav_02.gif <-- www.vibrantwave.com.sg (omicron) /d:/vibrantwave/clientele/imagestorey/website/images topnav_02.gif
108.10.11 19:03 B D:\imagestorey\website\images\topnav_03.gif <-- www.vibrantwave.com.sg (omicron) /d:/vibrantwave/clientele/imagestorey/website/images topnav_03.gif
108.10.11 19:03 B D:\imagestorey\website\images\topnav_04.gif <-- www.vibrantwave.com.sg (omicron) /d:/vibrantwave/clientele/imagestorey/website/images topnav_04.gif
108.10.11 19:03 B D:\imagestorey\website\images\topnavo_01.gif <-- www.vibrantwave.com.sg (omicron) /d:/vibrantwave/clientele/imagestorey/website/images topnavo_01.gif
108.10.11 19:03 B D:\imagestorey\website\images\topnavo_02.gif <-- www.vibrantwave.com.sg (omicron) /d:/vibrantwave/clientele/imagestorey/website/images topnavo_02.gif
108.10.11 19:03 B D:\imagestorey\website\images\topnavo_03.gif <-- www.vibrantwave.com.sg (omicron) /d:/vibrantwave/clientele/imagestorey/website/images topnavo_03.gif
108.10.11 19:03 B D:\imagestorey\website\images\topnavo_04.gif <-- www.vibrantwave.com.sg (omicron) /d:/vibrantwave/clientele/imagestorey/website/images topnavo_04.gif
108.10.11 19:06 B D:\imagestorey\website\images\btn_clear.gif --> www.imagestorey.com /d:/imagestorey/website/images btn_clear.gif
108.10.11 19:06 B D:\imagestorey\website\images\btn_submit.gif --> www.imagestorey.com /d:/imagestorey/website/images btn_submit.gif
108.10.11 19:06 B D:\imagestorey\website\images\closelink.gif --> www.imagestorey.com /d:/imagestorey/website/images closelink.gif
108.10.11 19:06 B D:\imagestorey\website\images\contentLeft.gif --> www.imagestorey.com /d:/imagestorey/website/images contentLeft.gif
108.10.11 19:06 B D:\imagestorey\website\images\contentRight.gif --> www.imagestorey.com /d:/imagestorey/website/images contentRight.gif
108.10.11 19:06 B D:\imagestorey\website\images\contentTop.gif --> www.imagestorey.com /d:/imagestorey/website/images contentTop.gif
108.10.11 19:06 B D:\imagestorey\website\images\footer.gif --> www.imagestorey.com /d:/imagestorey/website/images footer.gif
108.10.11 19:06 B D:\imagestorey\website\images\footer2.gif --> www.imagestorey.com /d:/imagestorey/website/images footer2.gif
108.10.11 19:06 B D:\imagestorey\website\images\forcorporate_01.jpg --> www.imagestorey.com /d:/imagestorey/website/images forcorporate_01.jpg
108.10.11 19:06 B D:\imagestorey\website\images\forcorporate_02.jpg --> www.imagestorey.com /d:/imagestorey/website/images forcorporate_02.jpg
108.10.11 19:06 B D:\imagestorey\website\images\forcorporate_03.jpg --> www.imagestorey.com /d:/imagestorey/website/images forcorporate_03.jpg
108.10.11 19:06 B D:\imagestorey\website\images\forcorporate_04.jpg --> www.imagestorey.com /d:/imagestorey/website/images forcorporate_04.jpg
108.10.11 19:06 B D:\imagestorey\website\images\forcorporate_05.jpg --> www.imagestorey.com /d:/imagestorey/website/images forcorporate_05.jpg
108.10.11 19:06 B D:\imagestorey\website\images\forcorporate_06.jpg --> www.imagestorey.com /d:/imagestorey/website/images forcorporate_06.jpg
108.10.11 19:06 B D:\imagestorey\website\images\forcorporate_07.jpg --> www.imagestorey.com /d:/imagestorey/website/images forcorporate_07.jpg
108.10.11 19:06 B D:\imagestorey\website\images\forcorporate_08.jpg --> www.imagestorey.com /d:/imagestorey/website/images forcorporate_08.jpg
108.10.11 19:06 B D:\imagestorey\website\images\forcorporate_09.jpg --> www.imagestorey.com /d:/imagestorey/website/images forcorporate_09.jpg
108.10.11 19:06 B D:\imagestorey\website\images\forcorporate_10.jpg --> www.imagestorey.com /d:/imagestorey/website/images forcorporate_10.jpg
108.10.11 19:06 B D:\imagestorey\website\images\forcorporate_11.jpg --> www.imagestorey.com /d:/imagestorey/website/images forcorporate_11.jpg
108.10.11 19:06 B D:\imagestorey\website\images\forcorporate_12.jpg --> www.imagestorey.com /d:/imagestorey/website/images forcorporate_12.jpg
108.10.11 19:06 B D:\imagestorey\website\images\forcorporate_13.jpg --> www.imagestorey.com /d:/imagestorey/website/images forcorporate_13.jpg
108.10.11 19:06 B D:\imagestorey\website\images\forcorporate_14.jpg --> www.imagestorey.com /d:/imagestorey/website/images forcorporate_14.jpg
108.10.11 19:06 B D:\imagestorey\website\images\forcorporate_15.jpg --> www.imagestorey.com /d:/imagestorey/website/images forcorporate_15.jpg
108.10.11 19:06 B D:\imagestorey\website\images\forcorporate_16.jpg --> www.imagestorey.com /d:/imagestorey/website/images forcorporate_16.jpg
108.10.11 19:06 B D:\imagestorey\website\images\forcorporate_title01.gif --> www.imagestorey.com /d:/imagestorey/website/images forcorporate_title01.gif
108.10.11 19:07 B D:\imagestorey\website\images\forcorporate_title02.gif --> www.imagestorey.com /d:/imagestorey/website/images forcorporate_title02.gif
108.10.11 19:07 B D:\imagestorey\website\images\forcorporate_title03.gif --> www.imagestorey.com /d:/imagestorey/website/images forcorporate_title03.gif
108.10.11 19:07 B D:\imagestorey\website\images\forcorporate_title04.gif --> www.imagestorey.com /d:/imagestorey/website/images forcorporate_title04.gif
108.10.11 19:07 B D:\imagestorey\website\images\forcorporate_title05.gif --> www.imagestorey.com /d:/imagestorey/website/images forcorporate_title05.gif
108.10.11 19:07 B D:\imagestorey\website\images\forcorporate_title06.gif --> www.imagestorey.com /d:/imagestorey/website/images forcorporate_title06.gif
108.10.11 19:07 B D:\imagestorey\website\images\forcorporate_title07.gif --> www.imagestorey.com /d:/imagestorey/website/images forcorporate_title07.gif
108.10.11 19:07 B D:\imagestorey\website\images\forcorporate_title08.gif --> www.imagestorey.com /d:/imagestorey/website/images forcorporate_title08.gif
108.10.11 19:07 B D:\imagestorey\website\images\forcorporate_title09.gif --> www.imagestorey.com /d:/imagestorey/website/images forcorporate_title09.gif
108.10.11 19:07 B D:\imagestorey\website\images\forcorporate_title10.gif --> www.imagestorey.com /d:/imagestorey/website/images forcorporate_title10.gif
108.10.11 19:07 B D:\imagestorey\website\images\forcorporate_title11.gif --> www.imagestorey.com /d:/imagestorey/website/images forcorporate_title11.gif
108.10.11 19:07 B D:\imagestorey\website\images\forcorporate_title12.gif --> www.imagestorey.com /d:/imagestorey/website/images forcorporate_title12.gif
108.10.11 19:07 B D:\imagestorey\website\images\forcorporate_title13.gif --> www.imagestorey.com /d:/imagestorey/website/images forcorporate_title13.gif
108.10.11 19:07 B D:\imagestorey\website\images\forcorporate_title14.gif --> www.imagestorey.com /d:/imagestorey/website/images forcorporate_title14.gif
108.10.11 19:07 B D:\imagestorey\website\images\forcorporate_title15.gif --> www.imagestorey.com /d:/imagestorey/website/images forcorporate_title15.gif
108.10.11 19:07 B D:\imagestorey\website\images\forcorporate_title16.gif --> www.imagestorey.com /d:/imagestorey/website/images forcorporate_title16.gif
108.10.11 19:07 B D:\imagestorey\website\images\forman_01.jpg --> www.imagestorey.com /d:/imagestorey/website/images forman_01.jpg
108.10.11 19:07 B D:\imagestorey\website\images\forman_02.jpg --> www.imagestorey.com /d:/imagestorey/website/images forman_02.jpg
108.10.11 19:07 B D:\imagestorey\website\images\forman_03.jpg --> www.imagestorey.com /d:/imagestorey/website/images forman_03.jpg
108.10.11 19:07 B D:\imagestorey\website\images\forman_04.jpg --> www.imagestorey.com /d:/imagestorey/website/images forman_04.jpg
108.10.11 19:07 B D:\imagestorey\website\images\forman_05.jpg --> www.imagestorey.com /d:/imagestorey/website/images forman_05.jpg
108.10.11 19:07 B D:\imagestorey\website\images\forman_06.jpg --> www.imagestorey.com /d:/imagestorey/website/images forman_06.jpg
108.10.11 19:07 B D:\imagestorey\website\images\forman_07.jpg --> www.imagestorey.com /d:/imagestorey/website/images forman_07.jpg
108.10.11 19:07 B D:\imagestorey\website\images\forman_08.jpg --> www.imagestorey.com /d:/imagestorey/website/images forman_08.jpg
108.10.11 19:07 B D:\imagestorey\website\images\forman_09.jpg --> www.imagestorey.com /d:/imagestorey/website/images forman_09.jpg
108.10.11 19:07 B D:\imagestorey\website\images\forman_10.jpg --> www.imagestorey.com /d:/imagestorey/website/images forman_10.jpg
108.10.11 19:07 B D:\imagestorey\website\images\forman_11.jpg --> www.imagestorey.com /d:/imagestorey/website/images forman_11.jpg
108.10.11 19:07 B D:\imagestorey\website\images\forman_title01.gif --> www.imagestorey.com /d:/imagestorey/website/images forman_title01.gif
108.10.11 19:07 B D:\imagestorey\website\images\forman_title02.gif --> www.imagestorey.com /d:/imagestorey/website/images forman_title02.gif
108.10.11 19:07 B D:\imagestorey\website\images\forman_title03.gif --> www.imagestorey.com /d:/imagestorey/website/images forman_title03.gif
108.10.11 19:07 B D:\imagestorey\website\images\forman_title04.gif --> www.imagestorey.com /d:/imagestorey/website/images forman_title04.gif
108.10.11 19:07 B D:\imagestorey\website\images\forman_title05.gif --> www.imagestorey.com /d:/imagestorey/website/images forman_title05.gif
108.10.11 19:07 B D:\imagestorey\website\images\forman_title06.gif --> www.imagestorey.com /d:/imagestorey/website/images forman_title06.gif
108.10.11 19:07 B D:\imagestorey\website\images\forman_title07.gif --> www.imagestorey.com /d:/imagestorey/website/images forman_title07.gif
108.10.11 19:07 B D:\imagestorey\website\images\forman_title08.gif --> www.imagestorey.com /d:/imagestorey/website/images forman_title08.gif
108.10.11 19:07 B D:\imagestorey\website\images\forman_title09.gif --> www.imagestorey.com /d:/imagestorey/website/images forman_title09.gif
108.10.11 19:07 B D:\imagestorey\website\images\forman_title10.gif --> www.imagestorey.com /d:/imagestorey/website/images forman_title10.gif
108.10.11 19:07 B D:\imagestorey\website\images\forman_title11.gif --> www.imagestorey.com /d:/imagestorey/website/images forman_title11.gif
108.10.11 19:07 B D:\imagestorey\website\images\forsmallgroup_01.jpg --> www.imagestorey.com /d:/imagestorey/website/images forsmallgroup_01.jpg
108.10.11 19:07 B D:\imagestorey\website\images\forsmallgroup_02.jpg --> www.imagestorey.com /d:/imagestorey/website/images forsmallgroup_02.jpg
108.10.11 19:07 B D:\imagestorey\website\images\forsmallgroup_03.jpg --> www.imagestorey.com /d:/imagestorey/website/images forsmallgroup_03.jpg
108.10.11 19:07 B D:\imagestorey\website\images\forsmallgroup_04.jpg --> www.imagestorey.com /d:/imagestorey/website/images forsmallgroup_04.jpg
108.10.11 19:07 B D:\imagestorey\website\images\forsmallgroup_05.jpg --> www.imagestorey.com /d:/imagestorey/website/images forsmallgroup_05.jpg
108.10.11 19:07 B D:\imagestorey\website\images\forsmallgroup_06.jpg --> www.imagestorey.com /d:/imagestorey/website/images forsmallgroup_06.jpg
108.10.11 19:07 B D:\imagestorey\website\images\forsmallgroup_07.jpg --> www.imagestorey.com /d:/imagestorey/website/images forsmallgroup_07.jpg
108.10.11 19:07 B D:\imagestorey\website\images\forsmallgroup_08.jpg --> www.imagestorey.com /d:/imagestorey/website/images forsmallgroup_08.jpg
108.10.11 19:07 B D:\imagestorey\website\images\forsmallgroup_09.jpg --> www.imagestorey.com /d:/imagestorey/website/images forsmallgroup_09.jpg
108.10.11 19:07 B D:\imagestorey\website\images\forsmallgroup_10.jpg --> www.imagestorey.com /d:/imagestorey/website/images forsmallgroup_10.jpg
108.10.11 19:07 B D:\imagestorey\website\images\forsmallgroup_title01.gif --> www.imagestorey.com /d:/imagestorey/website/images forsmallgroup_title01.gif
108.10.11 19:07 B D:\imagestorey\website\images\forsmallgroup_title02.gif --> www.imagestorey.com /d:/imagestorey/website/images forsmallgroup_title02.gif
108.10.11 19:07 B D:\imagestorey\website\images\forsmallgroup_title03.gif --> www.imagestorey.com /d:/imagestorey/website/images forsmallgroup_title03.gif
108.10.11 19:07 B D:\imagestorey\website\images\forsmallgroup_title04.gif --> www.imagestorey.com /d:/imagestorey/website/images forsmallgroup_title04.gif
108.10.11 19:07 B D:\imagestorey\website\images\forsmallgroup_title05.gif --> www.imagestorey.com /d:/imagestorey/website/images forsmallgroup_title05.gif
108.10.11 19:07 B D:\imagestorey\website\images\forsmallgroup_title06.gif --> www.imagestorey.com /d:/imagestorey/website/images forsmallgroup_title06.gif
108.10.11 19:07 B D:\imagestorey\website\images\forsmallgroup_title07.gif --> www.imagestorey.com /d:/imagestorey/website/images forsmallgroup_title07.gif
108.10.11 19:07 B D:\imagestorey\website\images\forsmallgroup_title08.gif --> www.imagestorey.com /d:/imagestorey/website/images forsmallgroup_title08.gif
108.10.11 19:07 B D:\imagestorey\website\images\forsmallgroup_title09.gif --> www.imagestorey.com /d:/imagestorey/website/images forsmallgroup_title09.gif
108.10.11 19:07 B D:\imagestorey\website\images\forsmallgroup_title10.gif --> www.imagestorey.com /d:/imagestorey/website/images forsmallgroup_title10.gif
108.10.11 19:07 B D:\imagestorey\website\images\forwoman_01.jpg --> www.imagestorey.com /d:/imagestorey/website/images forwoman_01.jpg
108.10.11 19:07 B D:\imagestorey\website\images\forwoman_02.jpg --> www.imagestorey.com /d:/imagestorey/website/images forwoman_02.jpg
108.10.11 19:07 B D:\imagestorey\website\images\forwoman_03.jpg --> www.imagestorey.com /d:/imagestorey/website/images forwoman_03.jpg
108.10.11 19:07 B D:\imagestorey\website\images\forwoman_04.jpg --> www.imagestorey.com /d:/imagestorey/website/images forwoman_04.jpg
108.10.11 19:07 B D:\imagestorey\website\images\forwoman_05.jpg --> www.imagestorey.com /d:/imagestorey/website/images forwoman_05.jpg
108.10.11 19:07 B D:\imagestorey\website\images\forwoman_06.jpg --> www.imagestorey.com /d:/imagestorey/website/images forwoman_06.jpg
108.10.11 19:07 B D:\imagestorey\website\images\forwoman_07.jpg --> www.imagestorey.com /d:/imagestorey/website/images forwoman_07.jpg
108.10.11 19:07 B D:\imagestorey\website\images\forwoman_08.jpg --> www.imagestorey.com /d:/imagestorey/website/images forwoman_08.jpg
108.10.11 19:07 B D:\imagestorey\website\images\forwoman_09.jpg --> www.imagestorey.com /d:/imagestorey/website/images forwoman_09.jpg
108.10.11 19:07 B D:\imagestorey\website\images\forwoman_10.jpg --> www.imagestorey.com /d:/imagestorey/website/images forwoman_10.jpg
108.10.11 19:07 B D:\imagestorey\website\images\forwoman_11.jpg --> www.imagestorey.com /d:/imagestorey/website/images forwoman_11.jpg
108.10.11 19:07 B D:\imagestorey\website\images\forwoman_12.jpg --> www.imagestorey.com /d:/imagestorey/website/images forwoman_12.jpg
108.10.11 19:07 B D:\imagestorey\website\images\forwoman_13.jpg --> www.imagestorey.com /d:/imagestorey/website/images forwoman_13.jpg
108.10.11 19:07 B D:\imagestorey\website\images\forwoman_14.jpg --> www.imagestorey.com /d:/imagestorey/website/images forwoman_14.jpg
108.10.11 19:07 B D:\imagestorey\website\images\forwoman_15.jpg --> www.imagestorey.com /d:/imagestorey/website/images forwoman_15.jpg
108.10.11 19:07 B D:\imagestorey\website\images\forwoman_16.jpg --> www.imagestorey.com /d:/imagestorey/website/images forwoman_16.jpg
108.10.11 19:07 B D:\imagestorey\website\images\forwoman_17.jpg --> www.imagestorey.com /d:/imagestorey/website/images forwoman_17.jpg
108.10.11 19:07 B D:\imagestorey\website\images\forwoman_18.jpg --> www.imagestorey.com /d:/imagestorey/website/images forwoman_18.jpg
108.10.11 19:07 B D:\imagestorey\website\images\forwoman_19.jpg --> www.imagestorey.com /d:/imagestorey/website/images forwoman_19.jpg
108.10.11 19:07 B D:\imagestorey\website\images\forwoman_title01.gif --> www.imagestorey.com /d:/imagestorey/website/images forwoman_title01.gif
108.10.11 19:07 B D:\imagestorey\website\images\forwoman_title02.gif --> www.imagestorey.com /d:/imagestorey/website/images forwoman_title02.gif
108.10.11 19:07 B D:\imagestorey\website\images\forwoman_title03.gif --> www.imagestorey.com /d:/imagestorey/website/images forwoman_title03.gif
108.10.11 19:07 B D:\imagestorey\website\images\forwoman_title04.gif --> www.imagestorey.com /d:/imagestorey/website/images forwoman_title04.gif
108.10.11 19:07 B D:\imagestorey\website\images\forwoman_title05.gif --> www.imagestorey.com /d:/imagestorey/website/images forwoman_title05.gif
108.10.11 19:07 B D:\imagestorey\website\images\forwoman_title06.gif --> www.imagestorey.com /d:/imagestorey/website/images forwoman_title06.gif
108.10.11 19:07 B D:\imagestorey\website\images\forwoman_title07.gif --> www.imagestorey.com /d:/imagestorey/website/images forwoman_title07.gif
108.10.11 19:07 B D:\imagestorey\website\images\forwoman_title08.gif --> www.imagestorey.com /d:/imagestorey/website/images forwoman_title08.gif
108.10.11 19:07 B D:\imagestorey\website\images\forwoman_title09.gif --> www.imagestorey.com /d:/imagestorey/website/images forwoman_title09.gif
108.10.11 19:07 B D:\imagestorey\website\images\forwoman_title10.gif --> www.imagestorey.com /d:/imagestorey/website/images forwoman_title10.gif
108.10.11 19:07 B D:\imagestorey\website\images\forwoman_title11.gif --> www.imagestorey.com /d:/imagestorey/website/images forwoman_title11.gif
108.10.11 19:07 B D:\imagestorey\website\images\forwoman_title12.gif --> www.imagestorey.com /d:/imagestorey/website/images forwoman_title12.gif
108.10.11 19:07 B D:\imagestorey\website\images\forwoman_title13.gif --> www.imagestorey.com /d:/imagestorey/website/images forwoman_title13.gif
108.10.11 19:07 B D:\imagestorey\website\images\forwoman_title14.gif --> www.imagestorey.com /d:/imagestorey/website/images forwoman_title14.gif
108.10.11 19:07 B D:\imagestorey\website\images\forwoman_title15.gif --> www.imagestorey.com /d:/imagestorey/website/images forwoman_title15.gif
108.10.11 19:07 B D:\imagestorey\website\images\forwoman_title16.gif --> www.imagestorey.com /d:/imagestorey/website/images forwoman_title16.gif
108.10.11 19:07 B D:\imagestorey\website\images\forwoman_title17.gif --> www.imagestorey.com /d:/imagestorey/website/images forwoman_title17.gif
108.10.11 19:07 B D:\imagestorey\website\images\forwoman_title18.gif --> www.imagestorey.com /d:/imagestorey/website/images forwoman_title18.gif
108.10.11 19:07 B D:\imagestorey\website\images\forwoman_title19.gif --> www.imagestorey.com /d:/imagestorey/website/images forwoman_title19.gif
108.10.11 19:07 B D:\imagestorey\website\images\inav_01.gif --> www.imagestorey.com /d:/imagestorey/website/images inav_01.gif
108.10.11 19:07 B D:\imagestorey\website\images\inav_02.gif --> www.imagestorey.com /d:/imagestorey/website/images inav_02.gif
108.10.11 19:07 B D:\imagestorey\website\images\inav_03.gif --> www.imagestorey.com /d:/imagestorey/website/images inav_03.gif
108.10.11 19:07 B D:\imagestorey\website\images\inav_04.gif --> www.imagestorey.com /d:/imagestorey/website/images inav_04.gif
108.10.11 19:07 B D:\imagestorey\website\images\inavo_01.gif --> www.imagestorey.com /d:/imagestorey/website/images inavo_01.gif
108.10.11 19:07 B D:\imagestorey\website\images\inavo_02.gif --> www.imagestorey.com /d:/imagestorey/website/images inavo_02.gif
108.10.11 19:07 B D:\imagestorey\website\images\inavo_03.gif --> www.imagestorey.com /d:/imagestorey/website/images inavo_03.gif
108.10.11 19:07 B D:\imagestorey\website\images\inavo_04.gif --> www.imagestorey.com /d:/imagestorey/website/images inavo_04.gif
108.10.11 19:07 B D:\imagestorey\website\images\indian_01.jpg --> www.imagestorey.com /d:/imagestorey/website/images indian_01.jpg
108.10.11 19:07 B D:\imagestorey\website\images\indian_02.jpg --> www.imagestorey.com /d:/imagestorey/website/images indian_02.jpg
108.10.11 19:07 B D:\imagestorey\website\images\indian_03.jpg --> www.imagestorey.com /d:/imagestorey/website/images indian_03.jpg
108.10.11 19:07 B D:\imagestorey\website\images\indian_04.jpg --> www.imagestorey.com /d:/imagestorey/website/images indian_04.jpg
108.10.11 19:07 B D:\imagestorey\website\images\indian_05.jpg --> www.imagestorey.com /d:/imagestorey/website/images indian_05.jpg
108.10.11 19:07 B D:\imagestorey\website\images\indian_title01.gif --> www.imagestorey.com /d:/imagestorey/website/images indian_title01.gif
108.10.11 19:07 B D:\imagestorey\website\images\indian_title02.gif --> www.imagestorey.com /d:/imagestorey/website/images indian_title02.gif
108.10.11 19:07 B D:\imagestorey\website\images\makeup_01.jpg --> www.imagestorey.com /d:/imagestorey/website/images makeup_01.jpg
108.10.11 19:07 B D:\imagestorey\website\images\makeup_02.jpg --> www.imagestorey.com /d:/imagestorey/website/images makeup_02.jpg
108.10.11 19:07 B D:\imagestorey\website\images\makeup_03.jpg --> www.imagestorey.com /d:/imagestorey/website/images makeup_03.jpg
108.10.11 19:07 B D:\imagestorey\website\images\makeup_04.jpg --> www.imagestorey.com /d:/imagestorey/website/images makeup_04.jpg
108.10.11 19:07 B D:\imagestorey\website\images\makeup_05.jpg --> www.imagestorey.com /d:/imagestorey/website/images makeup_05.jpg
108.10.11 19:07 B D:\imagestorey\website\images\makeup_06.jpg --> www.imagestorey.com /d:/imagestorey/website/images makeup_06.jpg
108.10.11 19:07 B D:\imagestorey\website\images\makeup_07.jpg --> www.imagestorey.com /d:/imagestorey/website/images makeup_07.jpg
108.10.11 19:07 B D:\imagestorey\website\images\makeup_08.jpg --> www.imagestorey.com /d:/imagestorey/website/images makeup_08.jpg
108.10.11 19:07 B D:\imagestorey\website\images\makeup_09.jpg --> www.imagestorey.com /d:/imagestorey/website/images makeup_09.jpg
108.10.11 19:07 B D:\imagestorey\website\images\makeup_10.jpg --> www.imagestorey.com /d:/imagestorey/website/images makeup_10.jpg
108.10.11 19:07 B D:\imagestorey\website\images\makeup_11.jpg --> www.imagestorey.com /d:/imagestorey/website/images makeup_11.jpg
108.10.11 19:07 B D:\imagestorey\website\images\makeup_12.jpg --> www.imagestorey.com /d:/imagestorey/website/images makeup_12.jpg
108.10.11 19:07 B D:\imagestorey\website\images\makeup_13.jpg --> www.imagestorey.com /d:/imagestorey/website/images makeup_13.jpg
108.10.11 19:07 B D:\imagestorey\website\images\makeup_14.jpg --> www.imagestorey.com /d:/imagestorey/website/images makeup_14.jpg
108.10.11 19:07 B D:\imagestorey\website\images\makeup_15.jpg --> www.imagestorey.com /d:/imagestorey/website/images makeup_15.jpg
108.10.11 19:07 B D:\imagestorey\website\images\makeup_16.jpg --> www.imagestorey.com /d:/imagestorey/website/images makeup_16.jpg
108.10.11 19:07 B D:\imagestorey\website\images\makeup_title01.gif --> www.imagestorey.com /d:/imagestorey/website/images makeup_title01.gif
108.10.11 19:07 B D:\imagestorey\website\images\makeup_title02.gif --> www.imagestorey.com /d:/imagestorey/website/images makeup_title02.gif
108.10.11 19:07 B D:\imagestorey\website\images\morelink.gif --> www.imagestorey.com /d:/imagestorey/website/images morelink.gif
108.10.11 19:07 B D:\imagestorey\website\images\nav_aboutus.gif --> www.imagestorey.com /d:/imagestorey/website/images nav_aboutus.gif
108.10.11 19:07 B D:\imagestorey\website\images\nav_contactus.gif --> www.imagestorey.com /d:/imagestorey/website/images nav_contactus.gif
108.10.11 19:07 B D:\imagestorey\website\images\nav_home.gif --> www.imagestorey.com /d:/imagestorey/website/images nav_home.gif
108.10.11 19:07 B D:\imagestorey\website\images\nav_indian.gif --> www.imagestorey.com /d:/imagestorey/website/images nav_indian.gif
108.10.11 19:07 B D:\imagestorey\website\images\nav_logo.gif --> www.imagestorey.com /d:/imagestorey/website/images nav_logo.gif
108.10.11 19:07 B D:\imagestorey\website\images\nav_makeup.gif --> www.imagestorey.com /d:/imagestorey/website/images nav_makeup.gif
108.10.11 19:07 B D:\imagestorey\website\images\nav_referafriend.gif --> www.imagestorey.com /d:/imagestorey/website/images nav_referafriend.gif
108.10.11 19:07 B D:\imagestorey\website\images\nav_upevents.gif --> www.imagestorey.com /d:/imagestorey/website/images nav_upevents.gif
108.10.11 19:07 B D:\imagestorey\website\images\navo_aboutus.gif --> www.imagestorey.com /d:/imagestorey/website/images navo_aboutus.gif
108.10.11 19:07 B D:\imagestorey\website\images\navo_contactus.gif --> www.imagestorey.com /d:/imagestorey/website/images navo_contactus.gif
108.10.11 19:07 B D:\imagestorey\website\images\navo_home.gif --> www.imagestorey.com /d:/imagestorey/website/images navo_home.gif
108.10.11 19:07 B D:\imagestorey\website\images\navo_indian.gif --> www.imagestorey.com /d:/imagestorey/website/images navo_indian.gif
108.10.11 19:07 B D:\imagestorey\website\images\navo_makeup.gif --> www.imagestorey.com /d:/imagestorey/website/images navo_makeup.gif
108.10.11 19:07 B D:\imagestorey\website\images\navo_referafriend.gif --> www.imagestorey.com /d:/imagestorey/website/images navo_referafriend.gif
108.10.11 19:07 B D:\imagestorey\website\images\navo_upevents.gif --> www.imagestorey.com /d:/imagestorey/website/images navo_upevents.gif
108.10.11 19:07 B D:\imagestorey\website\images\spacer.gif --> www.imagestorey.com /d:/imagestorey/website/images spacer.gif
108.10.11 19:07 B D:\imagestorey\website\images\Thumbs.db --> www.imagestorey.com /d:/imagestorey/website/images Thumbs.db
108.10.11 19:07 B D:\imagestorey\website\images\title_aboutus.gif --> www.imagestorey.com /d:/imagestorey/website/images title_aboutus.gif
108.10.11 19:07 B D:\imagestorey\website\images\title_contactus.gif --> www.imagestorey.com /d:/imagestorey/website/images title_contactus.gif
108.10.11 19:07 B D:\imagestorey\website\images\title_forcorporate.gif --> www.imagestorey.com /d:/imagestorey/website/images title_forcorporate.gif
108.10.11 19:07 B D:\imagestorey\website\images\title_forman.gif --> www.imagestorey.com /d:/imagestorey/website/images title_forman.gif
108.10.11 19:07 B D:\imagestorey\website\images\title_forsmallgroup.gif --> www.imagestorey.com /d:/imagestorey/website/images title_forsmallgroup.gif
108.10.11 19:07 B D:\imagestorey\website\images\title_forwoman.gif --> www.imagestorey.com /d:/imagestorey/website/images title_forwoman.gif
108.10.11 19:07 B D:\imagestorey\website\images\title_makeup.gif --> www.imagestorey.com /d:/imagestorey/website/images title_makeup.gif
108.10.11 19:07 B D:\imagestorey\website\images\title_referafriend.gif --> www.imagestorey.com /d:/imagestorey/website/images title_referafriend.gif
108.10.11 19:07 B D:\imagestorey\website\images\title_service.gif --> www.imagestorey.com /d:/imagestorey/website/images title_service.gif
108.10.11 19:07 B D:\imagestorey\website\images\title_upevents.gif --> www.imagestorey.com /d:/imagestorey/website/images title_upevents.gif
108.10.11 19:07 B D:\imagestorey\website\images\topnav_01.gif --> www.imagestorey.com /d:/imagestorey/website/images topnav_01.gif
108.10.11 19:07 B D:\imagestorey\website\images\topnav_02.gif --> www.imagestorey.com /d:/imagestorey/website/images topnav_02.gif
108.10.11 19:07 B D:\imagestorey\website\images\topnav_03.gif --> www.imagestorey.com /d:/imagestorey/website/images topnav_03.gif
108.10.11 19:07 B D:\imagestorey\website\images\topnav_04.gif --> www.imagestorey.com /d:/imagestorey/website/images topnav_04.gif
108.10.11 19:07 B D:\imagestorey\website\images\topnavo_01.gif --> www.imagestorey.com /d:/imagestorey/website/images topnavo_01.gif
108.10.11 19:07 B D:\imagestorey\website\images\topnavo_02.gif --> www.imagestorey.com /d:/imagestorey/website/images topnavo_02.gif
108.10.11 19:07 B D:\imagestorey\website\images\topnavo_03.gif --> www.imagestorey.com /d:/imagestorey/website/images topnavo_03.gif
108.10.11 19:07 B D:\imagestorey\website\images\topnavo_04.gif --> www.imagestorey.com /d:/imagestorey/website/images topnavo_04.gif
